<?xml version="1.0" encoding="UTF-8"?>
<coverage generated="1731262849740" clover="3.2.0">
  <project timestamp="1731262849740" name="All files">
    <metrics statements="60" coveredstatements="48" conditionals="32" coveredconditionals="24" methods="16" coveredmethods="16" elements="108" coveredelements="88" complexity="0" loc="60" ncloc="60" packages="5" files="5" classes="5"/>
    <package name="config">
      <metrics statements="1" coveredstatements="1" conditionals="2" coveredconditionals="1" methods="0" coveredmethods="0"/>
      <file name="config.js" path="D:\Bizdesire\node-micro\product-service\src\config\config.js">
        <metrics statements="1" coveredstatements="1" conditionals="2" coveredconditionals="1" methods="0" coveredmethods="0"/>
        <line num="2" count="2" type="stmt"/>
      </file>
    </package>
    <package name="controllers">
      <metrics statements="20" coveredstatements="15" conditionals="0" coveredconditionals="0" methods="5" coveredmethods="5"/>
      <file name="productController.js" path="D:\Bizdesire\node-micro\product-service\src\controllers\productController.js">
        <metrics statements="20" coveredstatements="15" conditionals="0" coveredconditionals="0" methods="5" coveredmethods="5"/>
        <line num="5" count="1" type="stmt"/>
        <line num="7" count="1" type="stmt"/>
        <line num="8" count="1" type="stmt"/>
        <line num="10" count="0" type="stmt"/>
        <line num="15" count="1" type="stmt"/>
        <line num="17" count="1" type="stmt"/>
        <line num="18" count="1" type="stmt"/>
        <line num="20" count="0" type="stmt"/>
        <line num="25" count="1" type="stmt"/>
        <line num="27" count="1" type="stmt"/>
        <line num="28" count="1" type="stmt"/>
        <line num="30" count="0" type="stmt"/>
        <line num="35" count="1" type="stmt"/>
        <line num="37" count="1" type="stmt"/>
        <line num="38" count="1" type="stmt"/>
        <line num="40" count="0" type="stmt"/>
        <line num="45" count="1" type="stmt"/>
        <line num="47" count="1" type="stmt"/>
        <line num="48" count="1" type="stmt"/>
        <line num="50" count="0" type="stmt"/>
      </file>
    </package>
    <package name="models">
      <metrics statements="4" coveredstatements="4" conditionals="2" coveredconditionals="2" methods="0" coveredmethods="0"/>
      <file name="Product.js" path="D:\Bizdesire\node-micro\product-service\src\models\Product.js">
        <metrics statements="4" coveredstatements="4" conditionals="2" coveredconditionals="2" methods="0" coveredmethods="0"/>
        <line num="2" count="3" type="stmt"/>
        <line num="4" count="3" type="stmt"/>
        <line num="9" count="3" type="stmt"/>
        <line num="37" count="3" type="cond" truecount="2" falsecount="0"/>
      </file>
    </package>
    <package name="repositories">
      <metrics statements="7" coveredstatements="7" conditionals="0" coveredconditionals="0" methods="6" coveredmethods="6"/>
      <file name="productRepository.js" path="D:\Bizdesire\node-micro\product-service\src\repositories\productRepository.js">
        <metrics statements="7" coveredstatements="7" conditionals="0" coveredconditionals="0" methods="6" coveredmethods="6"/>
        <line num="5" count="1" type="stmt"/>
        <line num="6" count="1" type="stmt"/>
        <line num="10" count="1" type="stmt"/>
        <line num="14" count="1" type="stmt"/>
        <line num="18" count="1" type="stmt"/>
        <line num="22" count="1" type="stmt"/>
        <line num="26" count="1" type="stmt"/>
      </file>
    </package>
    <package name="services">
      <metrics statements="28" coveredstatements="21" conditionals="28" coveredconditionals="21" methods="5" coveredmethods="5"/>
      <file name="ProductService.js" path="D:\Bizdesire\node-micro\product-service\src\services\ProductService.js">
        <metrics statements="28" coveredstatements="21" conditionals="28" coveredconditionals="21" methods="5" coveredmethods="5"/>
        <line num="8" count="2" type="cond" truecount="3" falsecount="1"/>
        <line num="9" count="0" type="stmt"/>
        <line num="13" count="2" type="stmt"/>
        <line num="14" count="2" type="cond" truecount="2" falsecount="0"/>
        <line num="15" count="1" type="stmt"/>
        <line num="19" count="1" type="stmt"/>
        <line num="20" count="1" type="stmt"/>
        <line num="25" count="2" type="cond" truecount="4" falsecount="0"/>
        <line num="26" count="1" type="stmt"/>
        <line num="29" count="1" type="stmt"/>
        <line num="34" count="1" type="cond" truecount="3" falsecount="1"/>
        <line num="35" count="0" type="stmt"/>
        <line num="38" count="1" type="stmt"/>
        <line num="39" count="1" type="cond" truecount="1" falsecount="1"/>
        <line num="40" count="0" type="stmt"/>
        <line num="42" count="1" type="stmt"/>
        <line num="47" count="1" type="cond" truecount="3" falsecount="1"/>
        <line num="48" count="0" type="stmt"/>
        <line num="51" count="1" type="stmt"/>
        <line num="52" count="1" type="cond" truecount="1" falsecount="1"/>
        <line num="53" count="0" type="stmt"/>
        <line num="55" count="1" type="stmt"/>
        <line num="60" count="1" type="cond" truecount="3" falsecount="1"/>
        <line num="61" count="0" type="stmt"/>
        <line num="64" count="1" type="stmt"/>
        <line num="65" count="1" type="cond" truecount="1" falsecount="1"/>
        <line num="66" count="0" type="stmt"/>
        <line num="68" count="1" type="stmt"/>
      </file>
    </package>
  </project>
</coverage>
