TN:
SF:src\config\config.js
FNF:0
FNH:0
DA:2,2
LF:1
LH:1
BRDA:5,0,0,2
BRDA:5,0,1,0
BRF:2
BRH:1
end_of_record
TN:
SF:src\controllers\productController.js
FN:4,(anonymous_0)
FN:14,(anonymous_1)
FN:24,(anonymous_2)
FN:34,(anonymous_3)
FN:44,(anonymous_4)
FNF:5
FNH:5
FNDA:1,(anonymous_0)
FNDA:1,(anonymous_1)
FNDA:1,(anonymous_2)
FNDA:1,(anonymous_3)
FNDA:1,(anonymous_4)
DA:5,1
DA:7,1
DA:8,1
DA:10,0
DA:15,1
DA:17,1
DA:18,1
DA:20,0
DA:25,1
DA:27,1
DA:28,1
DA:30,0
DA:35,1
DA:37,1
DA:38,1
DA:40,0
DA:45,1
DA:47,1
DA:48,1
DA:50,0
LF:20
LH:15
BRF:0
BRH:0
end_of_record
TN:
SF:src\models\Product.js
FNF:0
FNH:0
DA:2,3
DA:4,3
DA:9,3
DA:37,3
LF:4
LH:4
BRDA:37,0,0,3
BRDA:37,0,1,3
BRF:2
BRH:2
end_of_record
TN:
SF:src\repositories\productRepository.js
FN:4,(anonymous_0)
FN:9,(anonymous_1)
FN:13,(anonymous_2)
FN:17,(anonymous_3)
FN:21,(anonymous_4)
FN:25,(anonymous_5)
FNF:6
FNH:6
FNDA:1,(anonymous_0)
FNDA:1,(anonymous_1)
FNDA:1,(anonymous_2)
FNDA:1,(anonymous_3)
FNDA:1,(anonymous_4)
FNDA:1,(anonymous_5)
DA:5,1
DA:6,1
DA:10,1
DA:14,1
DA:18,1
DA:22,1
DA:26,1
LF:7
LH:7
BRF:0
BRH:0
end_of_record
TN:
SF:src\services\ProductService.js
FN:6,(anonymous_0)
FN:23,(anonymous_1)
FN:32,(anonymous_2)
FN:45,(anonymous_3)
FN:58,(anonymous_4)
FNF:5
FNH:5
FNDA:2,(anonymous_0)
FNDA:2,(anonymous_1)
FNDA:1,(anonymous_2)
FNDA:1,(anonymous_3)
FNDA:1,(anonymous_4)
DA:8,2
DA:9,0
DA:13,2
DA:14,2
DA:15,1
DA:19,1
DA:20,1
DA:25,2
DA:26,1
DA:29,1
DA:34,1
DA:35,0
DA:38,1
DA:39,1
DA:40,0
DA:42,1
DA:47,1
DA:48,0
DA:51,1
DA:52,1
DA:53,0
DA:55,1
DA:60,1
DA:61,0
DA:64,1
DA:65,1
DA:66,0
DA:68,1
LF:28
LH:21
BRDA:8,0,0,0
BRDA:8,0,1,2
BRDA:8,1,0,2
BRDA:8,1,1,2
BRDA:14,2,0,1
BRDA:14,2,1,1
BRDA:25,3,0,1
BRDA:25,3,1,1
BRDA:25,4,0,2
BRDA:25,4,1,2
BRDA:34,5,0,0
BRDA:34,5,1,1
BRDA:34,6,0,1
BRDA:34,6,1,1
BRDA:39,7,0,0
BRDA:39,7,1,1
BRDA:47,8,0,0
BRDA:47,8,1,1
BRDA:47,9,0,1
BRDA:47,9,1,1
BRDA:52,10,0,0
BRDA:52,10,1,1
BRDA:60,11,0,0
BRDA:60,11,1,1
BRDA:60,12,0,1
BRDA:60,12,1,1
BRDA:65,13,0,0
BRDA:65,13,1,1
BRF:28
BRH:21
end_of_record
