{"D:\\Bizdesire\\node-micro\\auth-service\\src\\config\\config.js": {"path":"D:\\Bizdesire\\node-micro\\auth-service\\src\\config\\config.js","statementMap":{"0":{"start":{"line":2,"column":0},"end":{"line":2,"column":16}}},"fnMap":{},"branchMap":{"0":{"loc":{"start":{"line":6,"column":8},"end":{"line":6,"column":32}},"type":"binary-expr","locations":[{"start":{"line":6,"column":8},"end":{"line":6,"column":24}},{"start":{"line":6,"column":28},"end":{"line":6,"column":32}}],"line":6}},"s":{"0":2},"f":{},"b":{"0":[2,0]},"_coverageSchema":"1a1c01bbd47fc00a2c39e90264f33305004495a9","hash":"f067f81fed7e255781b0ae4f0a356a5518e38635"}
,"D:\\Bizdesire\\node-micro\\auth-service\\src\\controllers\\authController.js": {"path":"D:\\Bizdesire\\node-micro\\auth-service\\src\\controllers\\authController.js","statementMap":{"0":{"start":{"line":5,"column":4},"end":{"line":10,"column":5}},"1":{"start":{"line":6,"column":22},"end":{"line":6,"column":62}},"2":{"start":{"line":7,"column":6},"end":{"line":7,"column":94}},"3":{"start":{"line":9,"column":6},"end":{"line":9,"column":55}},"4":{"start":{"line":14,"column":4},"end":{"line":20,"column":5}},"5":{"start":{"line":15,"column":34},"end":{"line":15,"column":42}},"6":{"start":{"line":16,"column":44},"end":{"line":16,"column":88}},"7":{"start":{"line":17,"column":6},"end":{"line":17,"column":75}},"8":{"start":{"line":19,"column":6},"end":{"line":19,"column":55}},"9":{"start":{"line":24,"column":4},"end":{"line":29,"column":5}},"10":{"start":{"line":25,"column":26},"end":{"line":25,"column":71}},"11":{"start":{"line":26,"column":6},"end":{"line":26,"column":28}},"12":{"start":{"line":28,"column":6},"end":{"line":28,"column":55}}},"fnMap":{"0":{"name":"(anonymous_0)","decl":{"start":{"line":4,"column":2},"end":{"line":4,"column":3}},"loc":{"start":{"line":4,"column":31},"end":{"line":11,"column":3}},"line":4},"1":{"name":"(anonymous_1)","decl":{"start":{"line":13,"column":2},"end":{"line":13,"column":3}},"loc":{"start":{"line":13,"column":28},"end":{"line":21,"column":3}},"line":13},"2":{"name":"(anonymous_2)","decl":{"start":{"line":23,"column":2},"end":{"line":23,"column":3}},"loc":{"start":{"line":23,"column":33},"end":{"line":30,"column":3}},"line":23}},"branchMap":{},"s":{"0":2,"1":2,"2":1,"3":1,"4":2,"5":2,"6":2,"7":1,"8":1,"9":2,"10":2,"11":1,"12":1},"f":{"0":2,"1":2,"2":2},"b":{},"_coverageSchema":"1a1c01bbd47fc00a2c39e90264f33305004495a9","hash":"e8254ed40c495d6d603b950bac66b21673a2f1e8"}
,"D:\\Bizdesire\\node-micro\\auth-service\\src\\models\\User.js": {"path":"D:\\Bizdesire\\node-micro\\auth-service\\src\\models\\User.js","statementMap":{"0":{"start":{"line":2,"column":19},"end":{"line":2,"column":27}},"1":{"start":{"line":4,"column":17},"end":{"line":7,"column":1}},"2":{"start":{"line":9,"column":19},"end":{"line":12,"column":1}},"3":{"start":{"line":14,"column":19},"end":{"line":44,"column":1}},"4":{"start":{"line":46,"column":18},"end":{"line":46,"column":76}}},"fnMap":{},"branchMap":{"0":{"loc":{"start":{"line":46,"column":18},"end":{"line":46,"column":76}},"type":"binary-expr","locations":[{"start":{"line":46,"column":18},"end":{"line":46,"column":38}},{"start":{"line":46,"column":42},"end":{"line":46,"column":76}}],"line":46}},"s":{"0":3,"1":3,"2":3,"3":3,"4":3},"f":{},"b":{"0":[3,3]},"_coverageSchema":"1a1c01bbd47fc00a2c39e90264f33305004495a9","hash":"19fc5123e0270a9c6484fe62912efb2ec87cba74"}
,"D:\\Bizdesire\\node-micro\\auth-service\\src\\repositories\\userRepository.js": {"path":"D:\\Bizdesire\\node-micro\\auth-service\\src\\repositories\\userRepository.js","statementMap":{"0":{"start":{"line":5,"column":17},"end":{"line":5,"column":31}},"1":{"start":{"line":6,"column":4},"end":{"line":6,"column":29}},"2":{"start":{"line":10,"column":4},"end":{"line":10,"column":41}},"3":{"start":{"line":14,"column":4},"end":{"line":14,"column":35}},"4":{"start":{"line":18,"column":4},"end":{"line":18,"column":65}}},"fnMap":{"0":{"name":"(anonymous_0)","decl":{"start":{"line":4,"column":2},"end":{"line":4,"column":3}},"loc":{"start":{"line":4,"column":25},"end":{"line":7,"column":3}},"line":4},"1":{"name":"(anonymous_1)","decl":{"start":{"line":9,"column":2},"end":{"line":9,"column":3}},"loc":{"start":{"line":9,"column":31},"end":{"line":11,"column":3}},"line":9},"2":{"name":"(anonymous_2)","decl":{"start":{"line":13,"column":2},"end":{"line":13,"column":3}},"loc":{"start":{"line":13,"column":25},"end":{"line":15,"column":3}},"line":13},"3":{"name":"(anonymous_3)","decl":{"start":{"line":17,"column":2},"end":{"line":17,"column":3}},"loc":{"start":{"line":17,"column":29},"end":{"line":19,"column":3}},"line":17}},"branchMap":{},"s":{"0":1,"1":1,"2":2,"3":2,"4":1},"f":{"0":1,"1":2,"2":2,"3":1},"b":{},"_coverageSchema":"1a1c01bbd47fc00a2c39e90264f33305004495a9","hash":"8ee848d552d67d7e71ac8bd34aebdb4ce32e40d6"}
,"D:\\Bizdesire\\node-micro\\auth-service\\src\\services\\authService.js": {"path":"D:\\Bizdesire\\node-micro\\auth-service\\src\\services\\authService.js","statementMap":{"0":{"start":{"line":9,"column":52},"end":{"line":9,"column":60}},"1":{"start":{"line":12,"column":25},"end":{"line":12,"column":68}},"2":{"start":{"line":13,"column":4},"end":{"line":15,"column":5}},"3":{"start":{"line":14,"column":6},"end":{"line":14,"column":46}},"4":{"start":{"line":18,"column":27},"end":{"line":18,"column":89}},"5":{"start":{"line":21,"column":20},"end":{"line":23,"column":6}},"6":{"start":{"line":26,"column":18},"end":{"line":34,"column":5}},"7":{"start":{"line":36,"column":4},"end":{"line":36,"column":16}},"8":{"start":{"line":41,"column":17},"end":{"line":41,"column":60}},"9":{"start":{"line":42,"column":4},"end":{"line":44,"column":5}},"10":{"start":{"line":43,"column":6},"end":{"line":43,"column":45}},"11":{"start":{"line":47,"column":20},"end":{"line":47,"column":65}},"12":{"start":{"line":48,"column":4},"end":{"line":50,"column":5}},"13":{"start":{"line":49,"column":6},"end":{"line":49,"column":45}},"14":{"start":{"line":53,"column":24},"end":{"line":53,"column":107}},"15":{"start":{"line":54,"column":25},"end":{"line":54,"column":118}},"16":{"start":{"line":56,"column":4},"end":{"line":56,"column":41}},"17":{"start":{"line":61,"column":17},"end":{"line":61,"column":58}},"18":{"start":{"line":62,"column":4},"end":{"line":64,"column":5}},"19":{"start":{"line":63,"column":6},"end":{"line":63,"column":40}},"20":{"start":{"line":66,"column":4},"end":{"line":66,"column":16}}},"fnMap":{"0":{"name":"(anonymous_0)","decl":{"start":{"line":8,"column":2},"end":{"line":8,"column":3}},"loc":{"start":{"line":8,"column":31},"end":{"line":37,"column":3}},"line":8},"1":{"name":"(anonymous_1)","decl":{"start":{"line":40,"column":2},"end":{"line":40,"column":3}},"loc":{"start":{"line":40,"column":35},"end":{"line":57,"column":3}},"line":40},"2":{"name":"(anonymous_2)","decl":{"start":{"line":60,"column":2},"end":{"line":60,"column":3}},"loc":{"start":{"line":60,"column":31},"end":{"line":67,"column":3}},"line":60}},"branchMap":{"0":{"loc":{"start":{"line":13,"column":4},"end":{"line":15,"column":5}},"type":"if","locations":[{"start":{"line":13,"column":4},"end":{"line":15,"column":5}},{"start":{},"end":{}}],"line":13},"1":{"loc":{"start":{"line":42,"column":4},"end":{"line":44,"column":5}},"type":"if","locations":[{"start":{"line":42,"column":4},"end":{"line":44,"column":5}},{"start":{},"end":{}}],"line":42},"2":{"loc":{"start":{"line":48,"column":4},"end":{"line":50,"column":5}},"type":"if","locations":[{"start":{"line":48,"column":4},"end":{"line":50,"column":5}},{"start":{},"end":{}}],"line":48},"3":{"loc":{"start":{"line":62,"column":4},"end":{"line":64,"column":5}},"type":"if","locations":[{"start":{"line":62,"column":4},"end":{"line":64,"column":5}},{"start":{},"end":{}}],"line":62}},"s":{"0":2,"1":2,"2":2,"3":1,"4":1,"5":1,"6":1,"7":1,"8":2,"9":2,"10":1,"11":1,"12":1,"13":0,"14":1,"15":1,"16":1,"17":2,"18":2,"19":1,"20":1},"f":{"0":2,"1":2,"2":2},"b":{"0":[1,1],"1":[1,1],"2":[0,1],"3":[1,1]},"_coverageSchema":"1a1c01bbd47fc00a2c39e90264f33305004495a9","hash":"c134413b71129a7ed2fce4b053a9ce8a2ca15111"}
}
