TN:
SF:src\config\config.js
FNF:0
FNH:0
DA:2,2
LF:1
LH:1
BRDA:6,0,0,2
BRDA:6,0,1,0
BRF:2
BRH:1
end_of_record
TN:
SF:src\controllers\authController.js
FN:4,(anonymous_0)
FN:13,(anonymous_1)
FN:23,(anonymous_2)
FNF:3
FNH:3
FNDA:2,(anonymous_0)
FNDA:2,(anonymous_1)
FNDA:2,(anonymous_2)
DA:5,2
DA:6,2
DA:7,1
DA:9,1
DA:14,2
DA:15,2
DA:16,2
DA:17,1
DA:19,1
DA:24,2
DA:25,2
DA:26,1
DA:28,1
LF:13
LH:13
BRF:0
BRH:0
end_of_record
TN:
SF:src\models\User.js
FNF:0
FNH:0
DA:2,3
DA:4,3
DA:9,3
DA:14,3
DA:46,3
LF:5
LH:5
BRDA:46,0,0,3
BRDA:46,0,1,3
BRF:2
BRH:2
end_of_record
TN:
SF:src\repositories\userRepository.js
FN:4,(anonymous_0)
FN:9,(anonymous_1)
FN:13,(anonymous_2)
FN:17,(anonymous_3)
FNF:4
FNH:4
FNDA:1,(anonymous_0)
FNDA:2,(anonymous_1)
FNDA:2,(anonymous_2)
FNDA:1,(anonymous_3)
DA:5,1
DA:6,1
DA:10,2
DA:14,2
DA:18,1
LF:5
LH:5
BRF:0
BRH:0
end_of_record
TN:
SF:src\services\authService.js
FN:8,(anonymous_0)
FN:40,(anonymous_1)
FN:60,(anonymous_2)
FNF:3
FNH:3
FNDA:2,(anonymous_0)
FNDA:2,(anonymous_1)
FNDA:2,(anonymous_2)
DA:9,2
DA:12,2
DA:13,2
DA:14,1
DA:18,1
DA:21,1
DA:26,1
DA:36,1
DA:41,2
DA:42,2
DA:43,1
DA:47,1
DA:48,1
DA:49,0
DA:53,1
DA:54,1
DA:56,1
DA:61,2
DA:62,2
DA:63,1
DA:66,1
LF:21
LH:20
BRDA:13,0,0,1
BRDA:13,0,1,1
BRDA:42,1,0,1
BRDA:42,1,1,1
BRDA:48,2,0,0
BRDA:48,2,1,1
BRDA:62,3,0,1
BRDA:62,3,1,1
BRF:8
BRH:7
end_of_record
